<?xml version="1.0" encoding="UTF-8"?>
<robot generator="Robot 4.0.1 (Python 3.6.13 on darwin)" generated="20210428 22:06:20.532" rpa="false" schemaversion="2">
<suite id="s1" name="MyWork" source="/Users/yuetao/PythonProject/RF_Test/MyWork">
<suite id="s1-s1" name="DefineFunction" source="/Users/yuetao/PythonProject/RF_Test/MyWork/DefineFunction.robot">
<test id="s1-s1-t1" name="test03">
<kw name="Evaluate" library="BuiltIn">
<var>${a}</var>
<arg>int(4)</arg>
<doc>Evaluates the given expression in Python and returns the result.</doc>
<msg timestamp="20210428 22:06:20.568" level="INFO">${a} = 4</msg>
<status status="PASS" starttime="20210428 22:06:20.568" endtime="20210428 22:06:20.568"/>
</kw>
<kw name="Evaluate" library="BuiltIn">
<var>${b}</var>
<arg>int(5)</arg>
<doc>Evaluates the given expression in Python and returns the result.</doc>
<msg timestamp="20210428 22:06:20.569" level="INFO">${b} = 5</msg>
<status status="PASS" starttime="20210428 22:06:20.568" endtime="20210428 22:06:20.569"/>
</kw>
<kw name="subtraction" library="MyLibrary">
<var>${res}</var>
<arg>${a}</arg>
<arg>${b}</arg>
<msg timestamp="20210428 22:06:20.569" level="INFO">${res} = -1</msg>
<status status="PASS" starttime="20210428 22:06:20.569" endtime="20210428 22:06:20.569"/>
</kw>
<kw name="Log" library="BuiltIn">
<arg>${res}</arg>
<doc>Logs the given message with the given level.</doc>
<msg timestamp="20210428 22:06:20.570" level="INFO">-1</msg>
<status status="PASS" starttime="20210428 22:06:20.570" endtime="20210428 22:06:20.570"/>
</kw>
<doc>测试自定义包</doc>
<status status="PASS" starttime="20210428 22:06:20.567" endtime="20210428 22:06:20.570"/>
</test>
<status status="PASS" starttime="20210428 22:06:20.560" endtime="20210428 22:06:20.571"/>
</suite>
<status status="PASS" starttime="20210428 22:06:20.533" endtime="20210428 22:06:20.572"/>
</suite>
<statistics>
<total>
<stat pass="1" fail="0" skip="0">All Tests</stat>
</total>
<tag>
</tag>
<suite>
<stat pass="1" fail="0" skip="0" id="s1" name="MyWork">MyWork</stat>
<stat pass="1" fail="0" skip="0" id="s1-s1" name="DefineFunction">MyWork.DefineFunction</stat>
</suite>
</statistics>
<errors>
</errors>
</robot>
