<?xml version="1.0" encoding="UTF-8"?>
<robot generator="Robot 4.0.1 (Python 3.6.13 on darwin)" generated="20210530 00:46:48.764" rpa="false" schemaversion="2">
<suite id="s1" name="MyWork" source="/Users/yuetao/PythonProject/RF_Test/MyWork">
<suite id="s1-s1" name="Hello" source="/Users/yuetao/PythonProject/RF_Test/MyWork/hello.robot">
<test id="s1-s1-t1" name="测试天气">
<kw name="Create Dictionary" library="BuiltIn">
<var>${params}</var>
<arg>city=上海</arg>
<doc>Creates and returns a dictionary based on the given ``items``.</doc>
<msg timestamp="20210530 00:46:49.061" level="INFO">${params} = {'city': '上海'}</msg>
<status status="PASS" starttime="20210530 00:46:49.061" endtime="20210530 00:46:49.061"/>
</kw>
<kw name="Create Session" library="RequestsLibrary">
<arg>api</arg>
<arg>http://wthrcdn.etouch.cn</arg>
<doc>Create Session: create a HTTP session to a server</doc>
<msg timestamp="20210530 00:46:49.062" level="INFO">Creating Session using : alias=api, url=http://wthrcdn.etouch.cn, headers={},                     cookies={}, auth=None, timeout=None, proxies=None, verify=False,                     debug=0 </msg>
<status status="PASS" starttime="20210530 00:46:49.061" endtime="20210530 00:46:49.062"/>
</kw>
<kw name="Get On Session" library="RequestsLibrary">
<var>${response}</var>
<arg>api</arg>
<arg>/weather_mini</arg>
<arg>${params}</arg>
<doc>Sends a GET request on a previously created HTTP Session.</doc>
<msg timestamp="20210530 00:46:49.092" level="INFO">GET Request : url=http://wthrcdn.etouch.cn/weather_mini?city=%E4%B8%8A%E6%B5%B7 
 path_url=/weather_mini?city=%E4%B8%8A%E6%B5%B7 
 headers={'User-Agent': 'python-requests/2.25.1', 'Accept-Encoding': 'gzip, deflate', 'Accept': '*/*', 'Connection': 'keep-alive'} 
 body=None 
 </msg>
<msg timestamp="20210530 00:46:49.094" level="INFO">GET Response : url=http://wthrcdn.etouch.cn/weather_mini?city=%E4%B8%8A%E6%B5%B7 
 status=200, reason=OK 
 headers={'Server': 'Tengine/2.3.2', 'Date': 'Sat, 29 May 2021 16:46:49 GMT', 'Content-Length': '398', 'Connection': 'keep-alive', 'Access-Control-Allow-Headers': '*', 'Access-Control-Allow-Methods': '*', 'Access-Control-Allow-Origin': '*', 'Cache-Control': 'must-revalidate, max-age=300', 'Content-Encoding': 'gzip', 'Age': '248', 'X-Via-Ucdn': 'HIT by 211.95.36.67, HIT by 180.97.190.59'} 
 body={"data":{"yesterday":{"date":"29日星期六","high":"高温 29℃","fx":"东南风","low":"低温 21℃","fl":"&lt;![CDATA[2级]]&gt;","type":"多云"},"city":"上海","forecast":[{"date":"30日星期天","high":"高温 30℃","fengli":"&lt;![CDATA[2级]]&gt;","low":"低温 20℃","fengxiang":"南风","type":"多云"},{"date":"31日星期一","high":"高温 30℃","fengli":"&lt;![CDATA[3级]]&gt;","low":"低温 20℃","fengxiang":"东南风","type":"多云"},{"date":"1日星期二","high":"高温 28℃","fengli":"&lt;![CDATA[4级]]&gt;","low":"低温 20℃","fengxiang":"东南风","type":"多云"},{"date":"2日星期三","high":"高温 27℃","fengli":"&lt;![CDATA[3级]]&gt;","low":"低温 20℃","fengxiang":"东南风","type":"多云"},{"date":"3日星期四","high":"高温 30℃","fengli":"&lt;![CDATA[2级]]&gt;","low":"低温 19℃","fengxiang":"东风","type":"小雨"}],"ganmao":"感冒易发期，外出请适当调整衣物，注意补充水分。","wendu":"23"},"status":1000,"desc":"OK"} 
 </msg>
<msg timestamp="20210530 00:46:49.094" level="INFO">${response} = &lt;Response [200]&gt;</msg>
<status status="PASS" starttime="20210530 00:46:49.062" endtime="20210530 00:46:49.094"/>
</kw>
<kw name="Should Be Equal As Strings" library="BuiltIn">
<arg>${response.status_code}</arg>
<arg>200</arg>
<doc>Fails if objects are unequal after converting them to strings.</doc>
<msg timestamp="20210530 00:46:49.095" level="INFO">Argument types are:
&lt;class 'int'&gt;
&lt;type 'unicode'&gt;</msg>
<status status="PASS" starttime="20210530 00:46:49.095" endtime="20210530 00:46:49.096"/>
</kw>
<kw name="Log" library="BuiltIn">
<arg>${response.content.decode('utf-8')}</arg>
<doc>Logs the given message with the given level.</doc>
<msg timestamp="20210530 00:46:49.096" level="INFO">{"data":{"yesterday":{"date":"29日星期六","high":"高温 29℃","fx":"东南风","low":"低温 21℃","fl":"&lt;![CDATA[2级]]&gt;","type":"多云"},"city":"上海","forecast":[{"date":"30日星期天","high":"高温 30℃","fengli":"&lt;![CDATA[2级]]&gt;","low":"低温 20℃","fengxiang":"南风","type":"多云"},{"date":"31日星期一","high":"高温 30℃","fengli":"&lt;![CDATA[3级]]&gt;","low":"低温 20℃","fengxiang":"东南风","type":"多云"},{"date":"1日星期二","high":"高温 28℃","fengli":"&lt;![CDATA[4级]]&gt;","low":"低温 20℃","fengxiang":"东南风","type":"多云"},{"date":"2日星期三","high":"高温 27℃","fengli":"&lt;![CDATA[3级]]&gt;","low":"低温 20℃","fengxiang":"东南风","type":"多云"},{"date":"3日星期四","high":"高温 30℃","fengli":"&lt;![CDATA[2级]]&gt;","low":"低温 19℃","fengxiang":"东风","type":"小雨"}],"ganmao":"感冒易发期，外出请适当调整衣物，注意补充水分。","wendu":"23"},"status":1000,"desc":"OK"}</msg>
<status status="PASS" starttime="20210530 00:46:49.096" endtime="20210530 00:46:49.096"/>
</kw>
<kw name="To Json" library="RequestsLibrary">
<var>${info}</var>
<arg>${response.content.decode('utf-8')}</arg>
<doc>*DEPRECATED* Please use ${resp.json()} instead. Have a look at the improved HTML output as pretty printing replacement.</doc>
<msg timestamp="20210530 00:46:49.097" level="WARN">Keyword 'RequestsLibrary.To Json' is deprecated. Please use ${resp.json()} instead. Have a look at the improved HTML output as pretty printing replacement.</msg>
<msg timestamp="20210530 00:46:49.097" level="INFO">To JSON using : content={"data":{"yesterday":{"date":"29日星期六","high":"高温 29℃","fx":"东南风","low":"低温 21℃","fl":"&lt;![CDATA[2级]]&gt;","type":"多云"},"city":"上海","forecast":[{"date":"30日星期天","high":"高温 30℃","fengli":"&lt;![CDATA[2级]]&gt;","low":"低温 20℃","fengxiang":"南风","type":"多云"},{"date":"31日星期一","high":"高温 30℃","fengli":"&lt;![CDATA[3级]]&gt;","low":"低温 20℃","fengxiang":"东南风","type":"多云"},{"date":"1日星期二","high":"高温 28℃","fengli":"&lt;![CDATA[4级]]&gt;","low":"低温 20℃","fengxiang":"东南风","type":"多云"},{"date":"2日星期三","high":"高温 27℃","fengli":"&lt;![CDATA[3级]]&gt;","low":"低温 20℃","fengxiang":"东南风","type":"多云"},{"date":"3日星期四","high":"高温 30℃","fengli":"&lt;![CDATA[2级]]&gt;","low":"低温 19℃","fengxiang":"东风","type":"小雨"}],"ganmao":"感冒易发期，外出请适当调整衣物，注意补充水分。","wendu":"23"},"status":1000,"desc":"OK"} </msg>
<msg timestamp="20210530 00:46:49.097" level="INFO">To JSON using : pretty_print=False </msg>
<msg timestamp="20210530 00:46:49.098" level="INFO">${info} = {'data': {'yesterday': {'date': '29日星期六', 'high': '高温 29℃', 'fx': '东南风', 'low': '低温 21℃', 'fl': '&lt;![CDATA[2级]]&gt;', 'type': '多云'}, 'city': '上海', 'forecast': [{'date': '30日星期天', 'high': '高温 30℃', 'fengli...</msg>
<status status="PASS" starttime="20210530 00:46:49.097" endtime="20210530 00:46:49.098"/>
</kw>
<kw name="Log" library="BuiltIn">
<arg>${info}</arg>
<doc>Logs the given message with the given level.</doc>
<msg timestamp="20210530 00:46:49.098" level="INFO">{'data': {'yesterday': {'date': '29日星期六', 'high': '高温 29℃', 'fx': '东南风', 'low': '低温 21℃', 'fl': '&lt;![CDATA[2级]]&gt;', 'type': '多云'}, 'city': '上海', 'forecast': [{'date': '30日星期天', 'high': '高温 30℃', 'fengli': '&lt;![CDATA[2级]]&gt;', 'low': '低温 20℃', 'fengxiang': '南风', 'type': '多云'}, {'date': '31日星期一', 'high': '高温 30℃', 'fengli': '&lt;![CDATA[3级]]&gt;', 'low': '低温 20℃', 'fengxiang': '东南风', 'type': '多云'}, {'date': '1日星期二', 'high': '高温 28℃', 'fengli': '&lt;![CDATA[4级]]&gt;', 'low': '低温 20℃', 'fengxiang': '东南风', 'type': '多云'}, {'date': '2日星期三', 'high': '高温 27℃', 'fengli': '&lt;![CDATA[3级]]&gt;', 'low': '低温 20℃', 'fengxiang': '东南风', 'type': '多云'}, {'date': '3日星期四', 'high': '高温 30℃', 'fengli': '&lt;![CDATA[2级]]&gt;', 'low': '低温 19℃', 'fengxiang': '东风', 'type': '小雨'}], 'ganmao': '感冒易发期，外出请适当调整衣物，注意补充水分。', 'wendu': '23'}, 'status': 1000, 'desc': 'OK'}</msg>
<status status="PASS" starttime="20210530 00:46:49.098" endtime="20210530 00:46:49.098"/>
</kw>
<kw name="Get From Dictionary" library="Collections">
<var>${data}</var>
<arg>${info}</arg>
<arg>data</arg>
<doc>Returns a value from the given ``dictionary`` based on the given ``key``.</doc>
<msg timestamp="20210530 00:46:49.099" level="INFO">${data} = {'yesterday': {'date': '29日星期六', 'high': '高温 29℃', 'fx': '东南风', 'low': '低温 21℃', 'fl': '&lt;![CDATA[2级]]&gt;', 'type': '多云'}, 'city': '上海', 'forecast': [{'date': '30日星期天', 'high': '高温 30℃', 'fengli': '&lt;![CD...</msg>
<status status="PASS" starttime="20210530 00:46:49.099" endtime="20210530 00:46:49.099"/>
</kw>
<kw name="Run Keyword And Ignore Error" library="BuiltIn">
<var>${flag}</var>
<var>${msg}</var>
<arg>get from dictionary</arg>
<arg>${data}</arg>
<arg>cmd</arg>
<doc>Runs the given keyword with the given arguments and ignores possible error.</doc>
<kw name="Get From Dictionary" library="Collections">
<arg>${data}</arg>
<arg>cmd</arg>
<doc>Returns a value from the given ``dictionary`` based on the given ``key``.</doc>
<msg timestamp="20210530 00:46:49.100" level="FAIL">Dictionary does not contain key 'cmd'.</msg>
<status status="FAIL" starttime="20210530 00:46:49.099" endtime="20210530 00:46:49.100"/>
</kw>
<msg timestamp="20210530 00:46:49.100" level="INFO">${flag} = FAIL</msg>
<msg timestamp="20210530 00:46:49.100" level="INFO">${msg} = Dictionary does not contain key 'cmd'.</msg>
<status status="PASS" starttime="20210530 00:46:49.099" endtime="20210530 00:46:49.100"/>
</kw>
<kw name="Set Variable" library="BuiltIn">
<var>${value}</var>
<arg>default</arg>
<doc>Returns the given values which can then be assigned to a variables.</doc>
<msg timestamp="20210530 00:46:49.100" level="INFO">${value} = default</msg>
<status status="PASS" starttime="20210530 00:46:49.100" endtime="20210530 00:46:49.100"/>
</kw>
<kw name="Set Variable If" library="BuiltIn">
<var>${result}</var>
<arg>'${flag}'=='FAIL'</arg>
<arg>${value}</arg>
<arg>${msg}</arg>
<doc>Sets variable based on the given condition.</doc>
<msg timestamp="20210530 00:46:49.101" level="INFO">${result} = default</msg>
<status status="PASS" starttime="20210530 00:46:49.101" endtime="20210530 00:46:49.101"/>
</kw>
<kw name="Log" library="BuiltIn">
<arg>${result}</arg>
<doc>Logs the given message with the given level.</doc>
<msg timestamp="20210530 00:46:49.101" level="INFO">default</msg>
<status status="PASS" starttime="20210530 00:46:49.101" endtime="20210530 00:46:49.101"/>
</kw>
<tag>上海</tag>
<status status="PASS" starttime="20210530 00:46:49.059" endtime="20210530 00:46:49.101"/>
</test>
<status status="PASS" starttime="20210530 00:46:48.793" endtime="20210530 00:46:49.102"/>
</suite>
<status status="PASS" starttime="20210530 00:46:48.766" endtime="20210530 00:46:49.103"/>
</suite>
<statistics>
<total>
<stat pass="1" fail="0" skip="0">All Tests</stat>
</total>
<tag>
<stat pass="1" fail="0" skip="0">上海</stat>
</tag>
<suite>
<stat pass="1" fail="0" skip="0" id="s1" name="MyWork">MyWork</stat>
<stat pass="1" fail="0" skip="0" id="s1-s1" name="Hello">MyWork.Hello</stat>
</suite>
</statistics>
<errors>
<msg timestamp="20210530 00:46:49.097" level="WARN">Keyword 'RequestsLibrary.To Json' is deprecated. Please use ${resp.json()} instead. Have a look at the improved HTML output as pretty printing replacement.</msg>
</errors>
</robot>
