<?xml version="1.0" encoding="UTF-8"?>
<robot generator="Robot 4.0.1 (Python 3.6.13 on darwin)" generated="20210526 23:19:16.711" rpa="false" schemaversion="2">
<suite id="s1" name="MyWork" source="/Users/yuetao/PythonProject/RF_Test/MyWork">
<suite id="s1-s1" name="Hello" source="/Users/yuetao/PythonProject/RF_Test/MyWork/hello.robot">
<test id="s1-s1-t1" name="test04">
<kw name="Evaluate" library="BuiltIn">
<var>${0}</var>
<arg>int(10)</arg>
<doc>Evaluates the given expression in Python and returns the result.</doc>
<msg timestamp="20210526 23:19:17.047" level="INFO">${0} = 10</msg>
<status status="PASS" starttime="20210526 23:19:17.047" endtime="20210526 23:19:17.047"/>
</kw>
<kw name="Evaluate" library="BuiltIn">
<var>${1}</var>
<arg>int(8)</arg>
<doc>Evaluates the given expression in Python and returns the result.</doc>
<msg timestamp="20210526 23:19:17.047" level="INFO">${1} = 8</msg>
<status status="PASS" starttime="20210526 23:19:17.047" endtime="20210526 23:19:17.047"/>
</kw>
<kw name="Evaluate" library="BuiltIn">
<var>${2}</var>
<arg>int(20)</arg>
<doc>Evaluates the given expression in Python and returns the result.</doc>
<msg timestamp="20210526 23:19:17.048" level="INFO">${2} = 20</msg>
<status status="PASS" starttime="20210526 23:19:17.048" endtime="20210526 23:19:17.048"/>
</kw>
<kw name="Create List" library="BuiltIn">
<var>${nums}</var>
<arg>${0}</arg>
<arg>${1}</arg>
<arg>${2}</arg>
<doc>Returns a list containing given items.</doc>
<msg timestamp="20210526 23:19:17.049" level="INFO">${nums} = [10, 8, 20]</msg>
<status status="PASS" starttime="20210526 23:19:17.048" endtime="20210526 23:19:17.050"/>
</kw>
<kw name="Get Length" library="BuiltIn">
<var>${length}</var>
<arg>${nums}</arg>
<doc>Returns and logs the length of the given item as an integer.</doc>
<msg timestamp="20210526 23:19:17.050" level="INFO">Length is 3</msg>
<msg timestamp="20210526 23:19:17.051" level="INFO">${length} = 3</msg>
<status status="PASS" starttime="20210526 23:19:17.050" endtime="20210526 23:19:17.051"/>
</kw>
<kw name="数组求和">
<var>${sum}</var>
<arg>${nums}</arg>
<kw name="Evaluate" library="BuiltIn">
<var>${sum}</var>
<arg>int(0)</arg>
<doc>Evaluates the given expression in Python and returns the result.</doc>
<msg timestamp="20210526 23:19:17.052" level="INFO">${sum} = 0</msg>
<status status="PASS" starttime="20210526 23:19:17.051" endtime="20210526 23:19:17.052"/>
</kw>
<kw name="Get Length" library="BuiltIn">
<var>${length}</var>
<arg>${list}</arg>
<doc>Returns and logs the length of the given item as an integer.</doc>
<msg timestamp="20210526 23:19:17.054" level="INFO">Length is 3</msg>
<msg timestamp="20210526 23:19:17.054" level="INFO">${length} = 3</msg>
<status status="PASS" starttime="20210526 23:19:17.052" endtime="20210526 23:19:17.054"/>
</kw>
<for flavor="IN RANGE">
<var>${index}</var>
<value>${length}</value>
<iter>
<var name="${index}">0</var>
<kw name="Evaluate" library="BuiltIn">
<var>${sum}</var>
<arg>${sum}+${list[${index}]}</arg>
<doc>Evaluates the given expression in Python and returns the result.</doc>
<msg timestamp="20210526 23:19:17.056" level="INFO">${sum} = 10</msg>
<status status="PASS" starttime="20210526 23:19:17.054" endtime="20210526 23:19:17.056"/>
</kw>
<status status="PASS" starttime="20210526 23:19:17.054" endtime="20210526 23:19:17.056"/>
</iter>
<iter>
<var name="${index}">1</var>
<kw name="Evaluate" library="BuiltIn">
<var>${sum}</var>
<arg>${sum}+${list[${index}]}</arg>
<doc>Evaluates the given expression in Python and returns the result.</doc>
<msg timestamp="20210526 23:19:17.058" level="INFO">${sum} = 18</msg>
<status status="PASS" starttime="20210526 23:19:17.056" endtime="20210526 23:19:17.058"/>
</kw>
<status status="PASS" starttime="20210526 23:19:17.056" endtime="20210526 23:19:17.058"/>
</iter>
<iter>
<var name="${index}">2</var>
<kw name="Evaluate" library="BuiltIn">
<var>${sum}</var>
<arg>${sum}+${list[${index}]}</arg>
<doc>Evaluates the given expression in Python and returns the result.</doc>
<msg timestamp="20210526 23:19:17.060" level="INFO">${sum} = 38</msg>
<status status="PASS" starttime="20210526 23:19:17.058" endtime="20210526 23:19:17.060"/>
</kw>
<status status="PASS" starttime="20210526 23:19:17.058" endtime="20210526 23:19:17.060"/>
</iter>
<status status="PASS" starttime="20210526 23:19:17.054" endtime="20210526 23:19:17.060"/>
</for>
<msg timestamp="20210526 23:19:17.063" level="INFO">${sum} = 38</msg>
<status status="PASS" starttime="20210526 23:19:17.051" endtime="20210526 23:19:17.063"/>
</kw>
<kw name="Log" library="BuiltIn">
<arg>${sum}</arg>
<doc>Logs the given message with the given level.</doc>
<msg timestamp="20210526 23:19:17.064" level="INFO">38</msg>
<status status="PASS" starttime="20210526 23:19:17.063" endtime="20210526 23:19:17.064"/>
</kw>
<kw name="Run Keyword If" library="BuiltIn">
<arg>${sum} == 38</arg>
<arg>log</arg>
<arg>1</arg>
<arg>ELSE</arg>
<arg>log</arg>
<arg>2</arg>
<doc>Runs the given keyword with the given arguments, if ``condition`` is true.</doc>
<kw name="Log" library="BuiltIn">
<arg>1</arg>
<doc>Logs the given message with the given level.</doc>
<msg timestamp="20210526 23:19:17.065" level="INFO">1</msg>
<status status="PASS" starttime="20210526 23:19:17.064" endtime="20210526 23:19:17.065"/>
</kw>
<status status="PASS" starttime="20210526 23:19:17.064" endtime="20210526 23:19:17.065"/>
</kw>
<tag>测试数组</tag>
<status status="PASS" starttime="20210526 23:19:17.045" endtime="20210526 23:19:17.065"/>
</test>
<status status="PASS" starttime="20210526 23:19:16.739" endtime="20210526 23:19:17.066"/>
</suite>
<status status="PASS" starttime="20210526 23:19:16.712" endtime="20210526 23:19:17.067"/>
</suite>
<statistics>
<total>
<stat pass="1" fail="0" skip="0">All Tests</stat>
</total>
<tag>
<stat pass="1" fail="0" skip="0">测试数组</stat>
</tag>
<suite>
<stat pass="1" fail="0" skip="0" id="s1" name="MyWork">MyWork</stat>
<stat pass="1" fail="0" skip="0" id="s1-s1" name="Hello">MyWork.Hello</stat>
</suite>
</statistics>
<errors>
</errors>
</robot>
